TN:
SF:index.js
FN:5,authBasicHeader
FN:10,SparqlHandler
FN:20,buildQueryOptions
FN:32,buildResourceExistsQuery
FN:36,buildResourceGraphQuery
FN:40,buildContainerExistsQuery
FN:44,buildContainerGraphQuery
FN:48,exists
FN:62,resourceExists
FN:71,containerExists
FN:75,graphStream
FN:105,resourceGraphStream
FN:109,containerGraphStream
FN:113,handle
FN:121,get
FNF:15
FNH:10
FNDA:0,authBasicHeader
FNDA:4,SparqlHandler
FNDA:8,buildQueryOptions
FNDA:4,buildResourceExistsQuery
FNDA:4,buildResourceGraphQuery
FNDA:0,buildContainerExistsQuery
FNDA:0,buildContainerGraphQuery
FNDA:4,exists
FNDA:4,resourceExists
FNDA:0,containerExists
FNDA:4,graphStream
FNDA:4,resourceGraphStream
FNDA:0,containerGraphStream
FNDA:4,handle
FNDA:4,get
DA:1,1
DA:2,1
DA:3,1
DA:4,1
DA:5,0
DA:6,0
DA:7,0
DA:8,1
DA:9,1
DA:10,1
DA:11,4
DA:12,4
DA:13,4
DA:14,4
DA:15,4
DA:16,4
DA:17,4
DA:18,4
DA:19,1
DA:20,1
DA:21,8
DA:22,8
DA:23,8
DA:24,0
DA:25,0
DA:26,0
DA:27,0
DA:28,8
DA:29,8
DA:30,8
DA:31,1
DA:32,1
DA:33,4
DA:34,4
DA:35,1
DA:36,1
DA:37,4
DA:38,4
DA:39,1
DA:40,1
DA:41,0
DA:42,0
DA:43,1
DA:44,1
DA:45,0
DA:46,0
DA:47,1
DA:48,1
DA:49,4
DA:50,4
DA:51,4
DA:52,4
DA:53,0
DA:54,0
DA:55,4
DA:56,4
DA:57,4
DA:58,4
DA:59,4
DA:60,4
DA:61,1
DA:62,1
DA:63,4
DA:64,4
DA:65,0
DA:66,0
DA:67,4
DA:68,4
DA:69,4
DA:70,1
DA:71,1
DA:72,0
DA:73,0
DA:74,1
DA:75,1
DA:76,4
DA:77,4
DA:78,4
DA:79,4
DA:80,4
DA:81,4
DA:82,4
DA:83,4
DA:84,4
DA:85,4
DA:86,4
DA:87,4
DA:88,4
DA:89,4
DA:90,0
DA:91,0
DA:92,0
DA:93,0
DA:94,0
DA:95,0
DA:96,4
DA:97,4
DA:98,4
DA:99,4
DA:100,4
DA:101,4
DA:102,4
DA:103,4
DA:104,1
DA:105,1
DA:106,4
DA:107,4
DA:108,1
DA:109,1
DA:110,0
DA:111,0
DA:112,1
DA:113,1
DA:114,4
DA:115,4
DA:116,4
DA:117,0
DA:118,0
DA:119,4
DA:120,1
DA:121,1
DA:122,4
DA:123,4
DA:124,4
DA:125,4
DA:126,4
DA:127,4
DA:128,4
DA:129,4
DA:130,0
DA:131,0
DA:132,0
DA:133,0
DA:134,0
DA:135,0
DA:136,0
DA:137,0
DA:138,0
DA:139,4
DA:140,4
DA:141,4
DA:142,4
DA:143,0
DA:144,0
DA:145,0
DA:146,0
DA:147,0
DA:148,0
DA:149,4
DA:150,4
DA:151,1
DA:152,1
DA:153,1
LF:153
LH:111
BRDA:1,0,0,1
BRDA:10,1,0,4
BRDA:20,2,0,8
BRDA:23,3,0,0
BRDA:32,4,0,4
BRDA:36,5,0,4
BRDA:48,6,0,4
BRDA:51,7,0,4
BRDA:52,8,0,0
BRDA:57,9,0,4
BRDA:62,10,0,4
BRDA:64,11,0,0
BRDA:64,12,0,0
BRDA:75,13,0,4
BRDA:82,14,0,4
BRDA:105,15,0,4
BRDA:113,16,0,4
BRDA:116,17,0,0
BRDA:121,18,0,4
BRDA:126,19,0,4
BRDA:130,20,0,0
BRDA:139,21,0,4
BRDA:143,22,0,0
BRF:23
BRH:16
end_of_record
